#-----------------------------------------------------------
# Vivado v2016.2 (64-bit)
# SW Build 1577090 on Thu Jun  2 16:32:40 MDT 2016
# IP Build 1577682 on Fri Jun  3 12:00:54 MDT 2016
# Start of session at: Wed Aug 30 18:20:14 2017
# Process ID: 6220
# Current directory: C:/Users/Van/CMPE140/CMPE_140/Lab 1
# Command line: vivado.exe -gui_launcher_event rodinguilauncherevent9856 C:\Users\Van\CMPE140\CMPE_140\Lab 1\Lab 1.xpr
# Log file: C:/Users/Van/CMPE140/CMPE_140/Lab 1/vivado.log
# Journal file: C:/Users/Van/CMPE140/CMPE_140/Lab 1\vivado.jou
#-----------------------------------------------------------
start_gui
open_project {C:/Users/Van/CMPE140/CMPE_140/Lab 1/Lab 1.xpr}
INFO: [Project 1-313] Project file moved from 'C:/Users/Harmander/CMPE_140/Lab 1' since last save.
Scanning sources...
Finished scanning sources
INFO: [IP_Flow 19-234] Refreshing IP repositories
INFO: [IP_Flow 19-1704] No user IP repositories specified
INFO: [IP_Flow 19-2313] Loaded Vivado IP repository 'C:/Xilinx/Vivado/2016.2/data/ip'.
update_compile_order -fileset sources_1
exit
INFO: [Common 17-206] Exiting Vivado at Wed Aug 30 18:20:56 2017...
